D:\DRIVER DEVELOP\HOOK\HOOKMESSAGEBOXX\DEBUG\HOOKMESSAGEBOXWINDOW.EXE
D:\DRIVER DEVELOP\HOOK\HOOKMESSAGEBOXX\DEBUG\HOOKMESSAGEBOXWINDOW.ILK
D:\DRIVER DEVELOP\HOOK\HOOKMESSAGEBOXX\DEBUG\HOOKMESSAGEBOXWINDOW.PDB
D:\driver develop\HOOK\HookMessageBoxX\HookMessageboxWindow\Debug\cl.command.1.tlog
D:\driver develop\HOOK\HookMessageBoxX\HookMessageboxWindow\Debug\CL.read.1.tlog
D:\driver develop\HOOK\HookMessageBoxX\HookMessageboxWindow\Debug\CL.write.1.tlog
D:\DRIVER DEVELOP\HOOK\HOOKMESSAGEBOXX\HOOKMESSAGEBOXWINDOW\DEBUG\HOOKMESSAGEBOXWINDOW.EXE.EMBED.MANIFEST
D:\DRIVER DEVELOP\HOOK\HOOKMESSAGEBOXX\HOOKMESSAGEBOXWINDOW\DEBUG\HOOKMESSAGEBOXWINDOW.EXE.EMBED.MANIFEST.RES
D:\DRIVER DEVELOP\HOOK\HOOKMESSAGEBOXX\HOOKMESSAGEBOXWINDOW\DEBUG\HOOKMESSAGEBOXWINDOW.EXE.INTERMEDIATE.MANIFEST
D:\DRIVER DEVELOP\HOOK\HOOKMESSAGEBOXX\HOOKMESSAGEBOXWINDOW\DEBUG\HOOKMESSAGEBOXWINDOW.OBJ
D:\DRIVER DEVELOP\HOOK\HOOKMESSAGEBOXX\HOOKMESSAGEBOXWINDOW\DEBUG\HOOKMESSAGEBOXWINDOW.PCH
D:\DRIVER DEVELOP\HOOK\HOOKMESSAGEBOXX\HOOKMESSAGEBOXWINDOW\DEBUG\HOOKMESSAGEBOXWINDOW.RES
D:\driver develop\HOOK\HookMessageBoxX\HookMessageboxWindow\Debug\HookMessageboxWindow.vcxprojResolveAssemblyReference.cache
D:\driver develop\HOOK\HookMessageBoxX\HookMessageboxWindow\Debug\HookMessageboxWindow.write.1.tlog
D:\driver develop\HOOK\HookMessageBoxX\HookMessageboxWindow\Debug\HookMessageboxWindow_manifest.rc
D:\DRIVER DEVELOP\HOOK\HOOKMESSAGEBOXX\HOOKMESSAGEBOXWINDOW\DEBUG\HOOKMESSAGEBOXWINDOWDLG.OBJ
D:\driver develop\HOOK\HookMessageBoxX\HookMessageboxWindow\Debug\link.command.1.tlog
D:\driver develop\HOOK\HookMessageBoxX\HookMessageboxWindow\Debug\link.read.1.tlog
D:\driver develop\HOOK\HookMessageBoxX\HookMessageboxWindow\Debug\link.write.1.tlog
D:\driver develop\HOOK\HookMessageBoxX\HookMessageboxWindow\Debug\link-cvtres.read.1.tlog
D:\driver develop\HOOK\HookMessageBoxX\HookMessageboxWindow\Debug\link-cvtres.write.1.tlog
D:\driver develop\HOOK\HookMessageBoxX\HookMessageboxWindow\Debug\mt.command.1.tlog
D:\driver develop\HOOK\HookMessageBoxX\HookMessageboxWindow\Debug\mt.read.1.tlog
D:\driver develop\HOOK\HookMessageBoxX\HookMessageboxWindow\Debug\mt.write.1.tlog
D:\driver develop\HOOK\HookMessageBoxX\HookMessageboxWindow\Debug\rc.command.1.tlog
D:\driver develop\HOOK\HookMessageBoxX\HookMessageboxWindow\Debug\rc.read.1.tlog
D:\driver develop\HOOK\HookMessageBoxX\HookMessageboxWindow\Debug\rc.write.1.tlog
D:\DRIVER DEVELOP\HOOK\HOOKMESSAGEBOXX\HOOKMESSAGEBOXWINDOW\DEBUG\STDAFX.OBJ
D:\driver develop\HOOK\HookMessageBoxX\HookMessageboxWindow\Debug\vc100.idb
D:\DRIVER DEVELOP\HOOK\HOOKMESSAGEBOXX\HOOKMESSAGEBOXWINDOW\DEBUG\VC100.PDB
