生成启动时间为 2015/5/2 15:26:09。
     1>项目“D:\driver develop\HOOK\HookClipboard\MonitorDllWindow\MonitorDllWindow.vcxproj”在节点 2 上(build 个目标)。
     1>InitializeBuildStatus:
         正在创建“Debug\MonitorDllWindow.unsuccessfulbuild”，因为已指定“AlwaysCreate”。
       ClCompile:
         所有输出均为最新。
         f:\Program Files (x86)\Microsoft Visual Studio 10.0\VC\bin\CL.exe /c /ZI /nologo /W3 /WX- /Od /Oy- /D WIN32 /D _WINDOWS /D _DEBUG /D _UNICODE /D UNICODE /D _AFXDLL /Gm /EHsc /RTC1 /MDd /GS /fp:precise /Zc:wchar_t /Zc:forScope /Yu"StdAfx.h" /Fp"Debug\MonitorDllWindow.pch" /Fo"Debug\\" /Fd"Debug\vc100.pdb" /Gd /TP /analyze- /errorReport:prompt MonitorDllWindow.cpp MonitorDllWindowDlg.cpp
         MonitorDllWindowDlg.cpp
         正在生成代码...
         正在编译...
         MonitorDllWindow.cpp
         正在生成代码...
       ResourceCompile:
         C:\Program Files (x86)\Microsoft SDKs\Windows\v7.0A\bin\rc.exe /D _DEBUG /D _UNICODE /D UNICODE /D _AFXDLL /l"0x0804" /IDebug\ /nologo /fo"Debug\MonitorDllWindow.res" MonitorDllWindow.rc 
       ManifestResourceCompile:
         所有输出均为最新。
       Link:
         f:\Program Files (x86)\Microsoft Visual Studio 10.0\VC\bin\link.exe /ERRORREPORT:PROMPT /OUT:"D:\driver develop\HOOK\HookClipboard\Debug\MonitorDllWindow.exe" /INCREMENTAL /NOLOGO /MANIFEST /ManifestFile:"Debug\MonitorDllWindow.exe.intermediate.manifest" /MANIFESTUAC:"level='asInvoker' uiAccess='false'" /DEBUG /PDB:"D:\driver develop\HOOK\HookClipboard\Debug\MonitorDllWindow.pdb" /SUBSYSTEM:WINDOWS /TLBID:1 /ENTRY:"wWinMainCRTStartup" /DYNAMICBASE /NXCOMPAT /IMPLIB:"D:\driver develop\HOOK\HookClipboard\Debug\MonitorDllWindow.lib" /MACHINE:X86 Debug\MonitorDllWindow.res
         Debug\MonitorDllWindow.exe.embed.manifest.res
         Debug\MonitorDllWindow.obj
         Debug\MonitorDllWindowDlg.obj
         Debug\stdafx.obj
       Manifest:
         C:\Program Files (x86)\Microsoft SDKs\Windows\v7.0A\bin\mt.exe /nologo /verbose /out:"Debug\MonitorDllWindow.exe.embed.manifest" /manifest Debug\MonitorDllWindow.exe.intermediate.manifest "f:\Program Files (x86)\Microsoft Visual Studio 10.0\VC\Include\Manifest\dpiaware.manifest"
         所有输出均为最新。
       LinkEmbedManifest:
         所有输出均为最新。
         MonitorDllWindow.vcxproj -> D:\driver develop\HOOK\HookClipboard\Debug\MonitorDllWindow.exe
       FinalizeBuildStatus:
         正在删除文件“Debug\MonitorDllWindow.unsuccessfulbuild”。
         正在对“Debug\MonitorDllWindow.lastbuildstate”执行 Touch 任务。
     1>已完成生成项目“D:\driver develop\HOOK\HookClipboard\MonitorDllWindow\MonitorDllWindow.vcxproj”(build 个目标)的操作。

生成成功。

已用时间 00:00:03.11
