生成启动时间为 2015/6/25 21:52:22。
     1>项目“D:\driver develop\ProcessProtecting\MyWindow\MyWindow.vcxproj”在节点 2 上(rebuild 个目标)。
     1>InitializeBuildStatus:
         正在创建“Debug\MyWindow.unsuccessfulbuild”，因为已指定“AlwaysCreate”。
       ClCompile:
         f:\Program Files (x86)\Microsoft Visual Studio 10.0\VC\bin\CL.exe /c /ZI /nologo /W3 /WX- /Od /Oy- /D WIN32 /D _WINDOWS /D _DEBUG /D _UNICODE /D UNICODE /Gm /EHsc /RTC1 /MTd /GS /fp:precise /Zc:wchar_t /Zc:forScope /Yc"StdAfx.h" /Fp"Debug\MyWindow.pch" /Fo"Debug\\" /Fd"Debug\vc100.pdb" /Gd /TP /analyze- /errorReport:prompt stdafx.cpp
         stdafx.cpp
         f:\Program Files (x86)\Microsoft Visual Studio 10.0\VC\bin\CL.exe /c /ZI /nologo /W3 /WX- /Od /Oy- /D WIN32 /D _WINDOWS /D _DEBUG /D _UNICODE /D UNICODE /Gm /EHsc /RTC1 /MTd /GS /fp:precise /Zc:wchar_t /Zc:forScope /Yu"StdAfx.h" /Fp"Debug\MyWindow.pch" /Fo"Debug\\" /Fd"Debug\vc100.pdb" /Gd /TP /analyze- /errorReport:prompt MyWindow.cpp MyWindowDlg.cpp
         MyWindowDlg.cpp
         MyWindow.cpp
         正在生成代码...
       ResourceCompile:
         C:\Program Files (x86)\Microsoft SDKs\Windows\v7.0A\bin\rc.exe /D _DEBUG /D _UNICODE /D UNICODE /l"0x0804" /IDebug\ /nologo /fo"Debug\MyWindow.res" MyWindow.rc 
       ManifestResourceCompile:
         C:\Program Files (x86)\Microsoft SDKs\Windows\v7.0A\bin\rc.exe /nologo /fo"Debug\MyWindow.exe.embed.manifest.res" Debug\MyWindow_manifest.rc 
       Link:
         f:\Program Files (x86)\Microsoft Visual Studio 10.0\VC\bin\link.exe /ERRORREPORT:PROMPT /OUT:"D:\driver develop\ProcessProtecting\Debug\MyWindow.exe" /INCREMENTAL /NOLOGO /MANIFEST /ManifestFile:"Debug\MyWindow.exe.intermediate.manifest" /MANIFESTUAC:"level='asInvoker' uiAccess='false'" /DEBUG /PDB:"D:\driver develop\ProcessProtecting\Debug\MyWindow.pdb" /SUBSYSTEM:WINDOWS /TLBID:1 /ENTRY:"wWinMainCRTStartup" /DYNAMICBASE /NXCOMPAT /IMPLIB:"D:\driver develop\ProcessProtecting\Debug\MyWindow.lib" /MACHINE:X86 Debug\MyWindow.res
         Debug\MyWindow.exe.embed.manifest.res
         Debug\MyWindow.obj
         Debug\MyWindowDlg.obj
         Debug\stdafx.obj
       Manifest:
         正在删除文件“Debug\MyWindow.exe.embed.manifest”。
         C:\Program Files (x86)\Microsoft SDKs\Windows\v7.0A\bin\mt.exe /nologo /verbose /out:"Debug\MyWindow.exe.embed.manifest" /manifest Debug\MyWindow.exe.intermediate.manifest "f:\Program Files (x86)\Microsoft Visual Studio 10.0\VC\Include\Manifest\dpiaware.manifest"
         C:\Program Files (x86)\Microsoft SDKs\Windows\v7.0A\bin\rc.exe /nologo /fo"Debug\MyWindow.exe.embed.manifest.res" Debug\MyWindow_manifest.rc 
       LinkEmbedManifest:
         f:\Program Files (x86)\Microsoft Visual Studio 10.0\VC\bin\link.exe /ERRORREPORT:PROMPT /OUT:"D:\driver develop\ProcessProtecting\Debug\MyWindow.exe" /INCREMENTAL /NOLOGO /MANIFEST /ManifestFile:"Debug\MyWindow.exe.intermediate.manifest" /MANIFESTUAC:"level='asInvoker' uiAccess='false'" /DEBUG /PDB:"D:\driver develop\ProcessProtecting\Debug\MyWindow.pdb" /SUBSYSTEM:WINDOWS /TLBID:1 /ENTRY:"wWinMainCRTStartup" /DYNAMICBASE /NXCOMPAT /IMPLIB:"D:\driver develop\ProcessProtecting\Debug\MyWindow.lib" /MACHINE:X86 Debug\MyWindow.res
         Debug\MyWindow.exe.embed.manifest.res
         Debug\MyWindow.obj
         Debug\MyWindowDlg.obj
         Debug\stdafx.obj
         MyWindow.vcxproj -> D:\driver develop\ProcessProtecting\Debug\MyWindow.exe
       FinalizeBuildStatus:
         正在删除文件“Debug\MyWindow.unsuccessfulbuild”。
         正在对“Debug\MyWindow.lastbuildstate”执行 Touch 任务。
     1>已完成生成项目“D:\driver develop\ProcessProtecting\MyWindow\MyWindow.vcxproj”(rebuild 个目标)的操作。

生成成功。

已用时间 00:00:22.21
