D:\DRIVER DEVELOP\HOOK\HOOKCLIPBOARD\DEBUG\MONITORDLL.DLL
D:\driver develop\HOOK\HookClipboard\Debug\MonitorDll.exp
D:\DRIVER DEVELOP\HOOK\HOOKCLIPBOARD\DEBUG\MONITORDLL.ILK
D:\driver develop\HOOK\HookClipboard\Debug\MonitorDll.lib
D:\DRIVER DEVELOP\HOOK\HOOKCLIPBOARD\DEBUG\MONITORDLL.PDB
D:\driver develop\HOOK\HookClipboard\MonitorDll\Debug\cl.command.1.tlog
D:\driver develop\HOOK\HookClipboard\MonitorDll\Debug\CL.read.1.tlog
D:\driver develop\HOOK\HookClipboard\MonitorDll\Debug\CL.write.1.tlog
D:\driver develop\HOOK\HookClipboard\MonitorDll\Debug\link.10312.read.1.tlog
D:\driver develop\HOOK\HookClipboard\MonitorDll\Debug\link.10312.write.1.tlog
D:\driver develop\HOOK\HookClipboard\MonitorDll\Debug\link.10312-cvtres.read.1.tlog
D:\driver develop\HOOK\HookClipboard\MonitorDll\Debug\link.10312-cvtres.write.1.tlog
D:\driver develop\HOOK\HookClipboard\MonitorDll\Debug\link.1652.read.1.tlog
D:\driver develop\HOOK\HookClipboard\MonitorDll\Debug\link.1652.write.1.tlog
D:\driver develop\HOOK\HookClipboard\MonitorDll\Debug\link.1652-cvtres.read.1.tlog
D:\driver develop\HOOK\HookClipboard\MonitorDll\Debug\link.1652-cvtres.write.1.tlog
D:\driver develop\HOOK\HookClipboard\MonitorDll\Debug\link.4460.read.1.tlog
D:\driver develop\HOOK\HookClipboard\MonitorDll\Debug\link.4460.write.1.tlog
D:\driver develop\HOOK\HookClipboard\MonitorDll\Debug\link.4460-cvtres.read.1.tlog
D:\driver develop\HOOK\HookClipboard\MonitorDll\Debug\link.4460-cvtres.write.1.tlog
D:\driver develop\HOOK\HookClipboard\MonitorDll\Debug\link.6300.read.1.tlog
D:\driver develop\HOOK\HookClipboard\MonitorDll\Debug\link.6300.write.1.tlog
D:\driver develop\HOOK\HookClipboard\MonitorDll\Debug\link.6300-cvtres.read.1.tlog
D:\driver develop\HOOK\HookClipboard\MonitorDll\Debug\link.6300-cvtres.write.1.tlog
D:\driver develop\HOOK\HookClipboard\MonitorDll\Debug\link.8632.read.1.tlog
D:\driver develop\HOOK\HookClipboard\MonitorDll\Debug\link.8632.write.1.tlog
D:\driver develop\HOOK\HookClipboard\MonitorDll\Debug\link.8632-cvtres.read.1.tlog
D:\driver develop\HOOK\HookClipboard\MonitorDll\Debug\link.8632-cvtres.write.1.tlog
D:\driver develop\HOOK\HookClipboard\MonitorDll\Debug\link.command.1.tlog
D:\driver develop\HOOK\HookClipboard\MonitorDll\Debug\link.read.1.tlog
D:\driver develop\HOOK\HookClipboard\MonitorDll\Debug\link.write.1.tlog
D:\driver develop\HOOK\HookClipboard\MonitorDll\Debug\link-cvtres.read.1.tlog
D:\driver develop\HOOK\HookClipboard\MonitorDll\Debug\link-cvtres.write.1.tlog
D:\DRIVER DEVELOP\HOOK\HOOKCLIPBOARD\MONITORDLL\DEBUG\MONITORDLL.DLL.EMBED.MANIFEST
D:\DRIVER DEVELOP\HOOK\HOOKCLIPBOARD\MONITORDLL\DEBUG\MONITORDLL.DLL.EMBED.MANIFEST.RES
D:\DRIVER DEVELOP\HOOK\HOOKCLIPBOARD\MONITORDLL\DEBUG\MONITORDLL.DLL.INTERMEDIATE.MANIFEST
D:\DRIVER DEVELOP\HOOK\HOOKCLIPBOARD\MONITORDLL\DEBUG\MONITORDLL.OBJ
D:\DRIVER DEVELOP\HOOK\HOOKCLIPBOARD\MONITORDLL\DEBUG\MONITORDLL.PCH
D:\DRIVER DEVELOP\HOOK\HOOKCLIPBOARD\MONITORDLL\DEBUG\MONITORDLL.RES
D:\driver develop\HOOK\HookClipboard\MonitorDll\Debug\MonitorDll.vcxprojResolveAssemblyReference.cache
D:\driver develop\HOOK\HookClipboard\MonitorDll\Debug\MonitorDll.write.1.tlog
D:\driver develop\HOOK\HookClipboard\MonitorDll\Debug\MonitorDll_manifest.rc
D:\driver develop\HOOK\HookClipboard\MonitorDll\Debug\mt.command.1.tlog
D:\driver develop\HOOK\HookClipboard\MonitorDll\Debug\mt.read.1.tlog
D:\driver develop\HOOK\HookClipboard\MonitorDll\Debug\mt.write.1.tlog
D:\driver develop\HOOK\HookClipboard\MonitorDll\Debug\rc.command.1.tlog
D:\driver develop\HOOK\HookClipboard\MonitorDll\Debug\rc.read.1.tlog
D:\driver develop\HOOK\HookClipboard\MonitorDll\Debug\rc.write.1.tlog
D:\DRIVER DEVELOP\HOOK\HOOKCLIPBOARD\MONITORDLL\DEBUG\STDAFX.OBJ
D:\driver develop\HOOK\HookClipboard\MonitorDll\Debug\vc100.idb
D:\DRIVER DEVELOP\HOOK\HOOKCLIPBOARD\MONITORDLL\DEBUG\VC100.PDB
