D:\driver develop\ProcessProtecting\Debug\MonitorDll.pdb
D:\driver develop\ProcessProtecting\MonitorDll\Debug\cl.command.1.tlog
D:\driver develop\ProcessProtecting\MonitorDll\Debug\CL.read.1.tlog
D:\driver develop\ProcessProtecting\MonitorDll\Debug\CL.write.1.tlog
D:\driver develop\ProcessProtecting\MonitorDll\Debug\link.command.1.tlog
D:\driver develop\ProcessProtecting\MonitorDll\Debug\link.read.1.tlog
D:\driver develop\ProcessProtecting\MonitorDll\Debug\link.write.1.tlog
D:\driver develop\ProcessProtecting\MonitorDll\Debug\link-cvtres.read.1.tlog
D:\driver develop\ProcessProtecting\MonitorDll\Debug\link-cvtres.write.1.tlog
D:\driver develop\ProcessProtecting\MonitorDll\Debug\MonitorDll.dll.embed.manifest
D:\DRIVER DEVELOP\PROCESSPROTECTING\MONITORDLL\DEBUG\MONITORDLL.DLL.EMBED.MANIFEST.RES
D:\driver develop\ProcessProtecting\MonitorDll\Debug\MonitorDll.dll.intermediate.manifest
D:\DRIVER DEVELOP\PROCESSPROTECTING\MONITORDLL\DEBUG\MONITORDLL.OBJ
D:\DRIVER DEVELOP\PROCESSPROTECTING\MONITORDLL\DEBUG\MONITORDLL.PCH
D:\DRIVER DEVELOP\PROCESSPROTECTING\MONITORDLL\DEBUG\MONITORDLL.RES
D:\driver develop\ProcessProtecting\MonitorDll\Debug\MonitorDll.vcxprojResolveAssemblyReference.cache
D:\driver develop\ProcessProtecting\MonitorDll\Debug\MonitorDll.write.1.tlog
D:\driver develop\ProcessProtecting\MonitorDll\Debug\MonitorDll_manifest.rc
D:\driver develop\ProcessProtecting\MonitorDll\Debug\rc.command.1.tlog
D:\driver develop\ProcessProtecting\MonitorDll\Debug\rc.read.1.tlog
D:\driver develop\ProcessProtecting\MonitorDll\Debug\rc.write.1.tlog
D:\DRIVER DEVELOP\PROCESSPROTECTING\MONITORDLL\DEBUG\STDAFX.OBJ
D:\driver develop\ProcessProtecting\MonitorDll\Debug\vc100.idb
D:\DRIVER DEVELOP\PROCESSPROTECTING\MONITORDLL\DEBUG\VC100.PDB
